<?xml version="1.0" encoding="UTF-8" ?>
<testsuite tests="7" failures="2" name="TestSuite" time="278.623" errors="0" skipped="4">
  <properties>
[...]
</properties>
  <testcase classname="ContactsPageTest" name="setUp" time="31.094">
    <failure message="Element &lt;input class=&quot;btn btn-small&quot; type=&quot;submit&quot;&gt; is not clickable at point (1183.7417297363281,117) because another element &lt;div id=&quot;preloader&quot;&gt; obscures it
Build info: version: &apos;3.10.0&apos;, revision: &apos;176b4a9&apos;, time: &apos;2018-03-02T19:03:16.397Z&apos;
System info: host: &apos;MAINUDDIN-PC&apos;, ip: &apos;192.168.43.118&apos;, os.name: &apos;Windows 7&apos;, os.arch: &apos;x86&apos;, os.version: &apos;6.1&apos;, java.version: &apos;1.8.0_161&apos;
Driver info: org.openqa.selenium.firefox.FirefoxDriver
Capabilities {acceptInsecureCerts: true, browserName: firefox, browserVersion: 60.0.2, javascriptEnabled: true, moz:accessibilityChecks: false, moz:headless: false, moz:processID: 3112, moz:profile: C:\Users\Mainuddin\AppData\..., moz:useNonSpecCompliantPointerOrigin: false, moz:webdriverClick: true, pageLoadStrategy: normal, platform: XP, platformName: XP, platformVersion: 6.1, rotatable: false, timeouts: {implicit: 0, pageLoad: 300000, script: 30000}}
Session ID: 92fadf7d-cf94-46c6-80e6-bf82bc10a6f0" type="org.openqa.selenium.ElementClickInterceptedException">org.openqa.selenium.ElementClickInterceptedException: Element &lt;input class=&quot;btn btn-small&quot; type=&quot;submit&quot;&gt; is not clickable at point (1183.7417297363281,117) because another element &lt;div id=&quot;preloader&quot;&gt; obscures it
Build info: version: &apos;3.10.0&apos;, revision: &apos;176b4a9&apos;, time: &apos;2018-03-02T19:03:16.397Z&apos;
System info: host: &apos;MAINUDDIN-PC&apos;, ip: &apos;192.168.43.118&apos;, os.name: &apos;Windows 7&apos;, os.arch: &apos;x86&apos;, os.version: &apos;6.1&apos;, java.version: &apos;1.8.0_161&apos;
Driver info: org.openqa.selenium.firefox.FirefoxDriver
Capabilities {acceptInsecureCerts: true, browserName: firefox, browserVersion: 60.0.2, javascriptEnabled: true, moz:accessibilityChecks: false, moz:headless: false, moz:processID: 3112, moz:profile: C:\Users\Mainuddin\AppData\..., moz:useNonSpecCompliantPointerOrigin: false, moz:webdriverClick: true, pageLoadStrategy: normal, platform: XP, platformName: XP, platformVersion: 6.1, rotatable: false, timeouts: {implicit: 0, pageLoad: 300000, script: 30000}}
Session ID: 92fadf7d-cf94-46c6-80e6-bf82bc10a6f0
	at sun.reflect.NativeConstructorAccessorImpl.newInstance0(Native Method)
	at sun.reflect.NativeConstructorAccessorImpl.newInstance(Unknown Source)
	at sun.reflect.DelegatingConstructorAccessorImpl.newInstance(Unknown Source)
	at java.lang.reflect.Constructor.newInstance(Unknown Source)
	at org.openqa.selenium.remote.http.W3CHttpResponseCodec.createException(W3CHttpResponseCodec.java:187)
	at org.openqa.selenium.remote.http.W3CHttpResponseCodec.decode(W3CHttpResponseCodec.java:122)
	at org.openqa.selenium.remote.http.W3CHttpResponseCodec.decode(W3CHttpResponseCodec.java:49)
	at org.openqa.selenium.remote.HttpCommandExecutor.execute(HttpCommandExecutor.java:160)
	at org.openqa.selenium.remote.service.DriverCommandExecutor.execute(DriverCommandExecutor.java:83)
	at org.openqa.selenium.remote.RemoteWebDriver.execute(RemoteWebDriver.java:601)
	at org.openqa.selenium.remote.RemoteWebElement.execute(RemoteWebElement.java:279)
	at org.openqa.selenium.remote.RemoteWebElement.click(RemoteWebElement.java:83)
	at sun.reflect.NativeMethodAccessorImpl.invoke0(Native Method)
	at sun.reflect.NativeMethodAccessorImpl.invoke(Unknown Source)
	at sun.reflect.DelegatingMethodAccessorImpl.invoke(Unknown Source)
	at java.lang.reflect.Method.invoke(Unknown Source)
	at org.openqa.selenium.support.events.EventFiringWebDriver$EventFiringWebElement.lambda$new$0(EventFiringWebDriver.java:368)
	at com.sun.proxy.$Proxy11.click(Unknown Source)
	at org.openqa.selenium.support.events.EventFiringWebDriver$EventFiringWebElement.click(EventFiringWebDriver.java:380)
	at sun.reflect.NativeMethodAccessorImpl.invoke0(Native Method)
	at sun.reflect.NativeMethodAccessorImpl.invoke(Unknown Source)
	at sun.reflect.DelegatingMethodAccessorImpl.invoke(Unknown Source)
	at java.lang.reflect.Method.invoke(Unknown Source)
	at org.openqa.selenium.support.pagefactory.internal.LocatingElementHandler.invoke(LocatingElementHandler.java:51)
	at com.sun.proxy.$Proxy10.click(Unknown Source)
	at com.qa.Crmproject.PagesCrm.LoginPage.LoginVerify(LoginPage.java:49)
	at ContactsPageTest.setUp(ContactsPageTest.java:39)
</failure>
    <system-out>Configuring TestNG with: org.apache.maven.surefire.testng.conf.TestNG652Configurator@19a06ac
Before navigating to: &apos;https://www.crmpro.com/&apos;
Navigated to:&apos;https://www.crmpro.com/&apos;
Trying to find Element By : By.name: username
Found Element By : By.name: username
Trying to find Element By : By.name: password
Found Element By : By.name: password
Trying to find Element By : By.xpath: //input[@type = &apos;submit&apos;]
Found Element By : By.xpath: //input[@type = &apos;submit&apos;]
Trying to click on: [[FirefoxDriver: firefox on XP (92fadf7d-cf94-46c6-80e6-bf82bc10a6f0)] -&gt; xpath: //input[@type = &apos;submit&apos;]]
Exception occured: org.openqa.selenium.ElementClickInterceptedException: Element &lt;input class=&quot;btn btn-small&quot; type=&quot;submit&quot;&gt; is not clickable at point (1183.7417297363281,117) because another element &lt;div id=&quot;preloader&quot;&gt; obscures it
Build info: version: &apos;3.10.0&apos;, revision: &apos;176b4a9&apos;, time: &apos;2018-03-02T19:03:16.397Z&apos;
System info: host: &apos;MAINUDDIN-PC&apos;, ip: &apos;192.168.43.118&apos;, os.name: &apos;Windows 7&apos;, os.arch: &apos;x86&apos;, os.version: &apos;6.1&apos;, java.version: &apos;1.8.0_161&apos;
Driver info: org.openqa.selenium.firefox.FirefoxDriver
Capabilities {acceptInsecureCerts: true, browserName: firefox, browserVersion: 60.0.2, javascriptEnabled: true, moz:accessibilityChecks: false, moz:headless: false, moz:processID: 3112, moz:profile: C:\Users\Mainuddin\AppData\..., moz:useNonSpecCompliantPointerOrigin: false, moz:webdriverClick: true, pageLoadStrategy: normal, platform: XP, platformName: XP, platformVersion: 6.1, rotatable: false, timeouts: {implicit: 0, pageLoad: 300000, script: 30000}}
Session ID: 92fadf7d-cf94-46c6-80e6-bf82bc10a6f0
</system-out>
    <system-err>1531893209367	geckodriver	INFO	geckodriver 0.19.1 (0000000000000000000000000000000000000000 2017-10-31)
1531893209396	geckodriver	INFO	Listening on 127.0.0.1:18770
1531893210071	mozrunner::runner	INFO	Running command: &quot;C:\\Program Files\\Mozilla Firefox\\firefox.exe&quot; &quot;-marionette&quot; &quot;-profile&quot; &quot;C:\\Users\\MAINUD~1\\AppData\\Local\\Temp\\rust_mozprofile.DrAyjsC2eVgC&quot;
1531893222923	Marionette	INFO	Listening on port 1554
1531893224002	Marionette	WARN	TLS certificate errors will be ignored for this session
Jul 18, 2018 11:23:44 AM org.openqa.selenium.remote.ProtocolHandshake createSession
INFO: Detected dialect: W3C
</system-err>
  </testcase>
  <testcase classname="ContactsPageTest" name="verifyContactsPageLabel" time="31.095">
    <skipped/>
  </testcase>
  <testcase classname="ContactsPageTest" name="tearDown" time="31.095">
    <skipped/>
  </testcase>
  <testcase classname="HomepageTest" name="setUp" time="61.716">
    <failure message="Element &lt;input class=&quot;btn btn-small&quot; type=&quot;submit&quot;&gt; is not clickable at point (1183.7417297363281,117) because another element &lt;div id=&quot;preloader&quot;&gt; obscures it
Build info: version: &apos;3.10.0&apos;, revision: &apos;176b4a9&apos;, time: &apos;2018-03-02T19:03:16.397Z&apos;
System info: host: &apos;MAINUDDIN-PC&apos;, ip: &apos;192.168.43.118&apos;, os.name: &apos;Windows 7&apos;, os.arch: &apos;x86&apos;, os.version: &apos;6.1&apos;, java.version: &apos;1.8.0_161&apos;
Driver info: org.openqa.selenium.firefox.FirefoxDriver
Capabilities {acceptInsecureCerts: true, browserName: firefox, browserVersion: 60.0.2, javascriptEnabled: true, moz:accessibilityChecks: false, moz:headless: false, moz:processID: 6524, moz:profile: C:\Users\Mainuddin\AppData\..., moz:useNonSpecCompliantPointerOrigin: false, moz:webdriverClick: true, pageLoadStrategy: normal, platform: XP, platformName: XP, platformVersion: 6.1, rotatable: false, timeouts: {implicit: 0, pageLoad: 300000, script: 30000}}
Session ID: 8d2cd2a1-68e0-49ca-a4b6-f0c7d54975a1" type="org.openqa.selenium.ElementClickInterceptedException">org.openqa.selenium.ElementClickInterceptedException: Element &lt;input class=&quot;btn btn-small&quot; type=&quot;submit&quot;&gt; is not clickable at point (1183.7417297363281,117) because another element &lt;div id=&quot;preloader&quot;&gt; obscures it
Build info: version: &apos;3.10.0&apos;, revision: &apos;176b4a9&apos;, time: &apos;2018-03-02T19:03:16.397Z&apos;
System info: host: &apos;MAINUDDIN-PC&apos;, ip: &apos;192.168.43.118&apos;, os.name: &apos;Windows 7&apos;, os.arch: &apos;x86&apos;, os.version: &apos;6.1&apos;, java.version: &apos;1.8.0_161&apos;
Driver info: org.openqa.selenium.firefox.FirefoxDriver
Capabilities {acceptInsecureCerts: true, browserName: firefox, browserVersion: 60.0.2, javascriptEnabled: true, moz:accessibilityChecks: false, moz:headless: false, moz:processID: 6524, moz:profile: C:\Users\Mainuddin\AppData\..., moz:useNonSpecCompliantPointerOrigin: false, moz:webdriverClick: true, pageLoadStrategy: normal, platform: XP, platformName: XP, platformVersion: 6.1, rotatable: false, timeouts: {implicit: 0, pageLoad: 300000, script: 30000}}
Session ID: 8d2cd2a1-68e0-49ca-a4b6-f0c7d54975a1
	at sun.reflect.NativeConstructorAccessorImpl.newInstance0(Native Method)
	at sun.reflect.NativeConstructorAccessorImpl.newInstance(Unknown Source)
	at sun.reflect.DelegatingConstructorAccessorImpl.newInstance(Unknown Source)
	at java.lang.reflect.Constructor.newInstance(Unknown Source)
	at org.openqa.selenium.remote.http.W3CHttpResponseCodec.createException(W3CHttpResponseCodec.java:187)
	at org.openqa.selenium.remote.http.W3CHttpResponseCodec.decode(W3CHttpResponseCodec.java:122)
	at org.openqa.selenium.remote.http.W3CHttpResponseCodec.decode(W3CHttpResponseCodec.java:49)
	at org.openqa.selenium.remote.HttpCommandExecutor.execute(HttpCommandExecutor.java:160)
	at org.openqa.selenium.remote.service.DriverCommandExecutor.execute(DriverCommandExecutor.java:83)
	at org.openqa.selenium.remote.RemoteWebDriver.execute(RemoteWebDriver.java:601)
	at org.openqa.selenium.remote.RemoteWebElement.execute(RemoteWebElement.java:279)
	at org.openqa.selenium.remote.RemoteWebElement.click(RemoteWebElement.java:83)
	at sun.reflect.NativeMethodAccessorImpl.invoke0(Native Method)
	at sun.reflect.NativeMethodAccessorImpl.invoke(Unknown Source)
	at sun.reflect.DelegatingMethodAccessorImpl.invoke(Unknown Source)
	at java.lang.reflect.Method.invoke(Unknown Source)
	at org.openqa.selenium.support.events.EventFiringWebDriver$EventFiringWebElement.lambda$new$0(EventFiringWebDriver.java:368)
	at com.sun.proxy.$Proxy11.click(Unknown Source)
	at org.openqa.selenium.support.events.EventFiringWebDriver$EventFiringWebElement.click(EventFiringWebDriver.java:380)
	at sun.reflect.NativeMethodAccessorImpl.invoke0(Native Method)
	at sun.reflect.NativeMethodAccessorImpl.invoke(Unknown Source)
	at sun.reflect.DelegatingMethodAccessorImpl.invoke(Unknown Source)
	at java.lang.reflect.Method.invoke(Unknown Source)
	at org.openqa.selenium.support.pagefactory.internal.LocatingElementHandler.invoke(LocatingElementHandler.java:51)
	at com.sun.proxy.$Proxy10.click(Unknown Source)
	at com.qa.Crmproject.PagesCrm.LoginPage.LoginVerify(LoginPage.java:49)
	at HomepageTest.setUp(HomepageTest.java:38)
</failure>
    <system-out>Before navigating to: &apos;https://www.crmpro.com/&apos;
Navigated to:&apos;https://www.crmpro.com/&apos;
Trying to find Element By : By.name: username
Found Element By : By.name: username
Trying to find Element By : By.name: password
Found Element By : By.name: password
Trying to find Element By : By.xpath: //input[@type = &apos;submit&apos;]
Found Element By : By.xpath: //input[@type = &apos;submit&apos;]
Trying to click on: [[FirefoxDriver: firefox on XP (8d2cd2a1-68e0-49ca-a4b6-f0c7d54975a1)] -&gt; xpath: //input[@type = &apos;submit&apos;]]
Exception occured: org.openqa.selenium.ElementClickInterceptedException: Element &lt;input class=&quot;btn btn-small&quot; type=&quot;submit&quot;&gt; is not clickable at point (1183.7417297363281,117) because another element &lt;div id=&quot;preloader&quot;&gt; obscures it
Build info: version: &apos;3.10.0&apos;, revision: &apos;176b4a9&apos;, time: &apos;2018-03-02T19:03:16.397Z&apos;
System info: host: &apos;MAINUDDIN-PC&apos;, ip: &apos;192.168.43.118&apos;, os.name: &apos;Windows 7&apos;, os.arch: &apos;x86&apos;, os.version: &apos;6.1&apos;, java.version: &apos;1.8.0_161&apos;
Driver info: org.openqa.selenium.firefox.FirefoxDriver
Capabilities {acceptInsecureCerts: true, browserName: firefox, browserVersion: 60.0.2, javascriptEnabled: true, moz:accessibilityChecks: false, moz:headless: false, moz:processID: 6524, moz:profile: C:\Users\Mainuddin\AppData\..., moz:useNonSpecCompliantPointerOrigin: false, moz:webdriverClick: true, pageLoadStrategy: normal, platform: XP, platformName: XP, platformVersion: 6.1, rotatable: false, timeouts: {implicit: 0, pageLoad: 300000, script: 30000}}
Session ID: 8d2cd2a1-68e0-49ca-a4b6-f0c7d54975a1
</system-out>
    <system-err>1531893239276	geckodriver	INFO	geckodriver 0.19.1 (0000000000000000000000000000000000000000 2017-10-31)
1531893239292	geckodriver	INFO	Listening on 127.0.0.1:47862
1531893239725	mozrunner::runner	INFO	Running command: &quot;C:\\Program Files\\Mozilla Firefox\\firefox.exe&quot; &quot;-marionette&quot; &quot;-profile&quot; &quot;C:\\Users\\MAINUD~1\\AppData\\Local\\Temp\\rust_mozprofile.LFYNkROdXUdJ&quot;
[Parent 6524, Gecko_IOThread] WARNING: pipe error: 109: file z:/build/build/src/ipc/chromium/src/chrome/common/ipc_channel_win.cc, line 346
[Parent 6524, Gecko_IOThread] WARNING: file z:/build/build/src/ipc/chromium/src/base/process_util_win.cc, line 188
1531893254837	Marionette	INFO	Listening on port 1637
1531893255672	Marionette	WARN	TLS certificate errors will be ignored for this session
Jul 18, 2018 11:24:15 AM org.openqa.selenium.remote.ProtocolHandshake createSession
INFO: Detected dialect: W3C
</system-err>
  </testcase>
  <testcase classname="HomepageTest" name="verifyHomePageTitleTest" time="61.716">
    <skipped/>
  </testcase>
  <testcase classname="HomepageTest" name="tearDown" time="61.716">
    <skipped/>
  </testcase>
  <testcase classname="LoginTest" name="loginTitleTest" time="0.191"/>
</testsuite>